#
# There is insufficient memory for the Java Runtime Environment to continue.
# Native memory allocation (malloc) failed to allocate 158016 bytes for Chunk::new
# Possible reasons:
#   The system is out of physical RAM or swap space
#   In 32 bit mode, the process size limit was hit
# Possible solutions:
#   Reduce memory load on the system
#   Increase physical memory or swap space
#   Check if swap backing store is full
#   Use 64 bit Java on a 64 bit OS
#   Decrease Java heap size (-Xmx/-Xms)
#   Decrease number of Java threads
#   Decrease Java thread stack sizes (-Xss)
#   Set larger code cache with -XX:ReservedCodeCacheSize=
# This output file may be truncated or incomplete.
#
#  Out of Memory Error (allocation.cpp:390), pid=5096, tid=0x0000000000002a90
#
# JRE version: Java(TM) SE Runtime Environment (8.0_171-b11) (build 1.8.0_171-b11)
# Java VM: Java HotSpot(TM) 64-Bit Server VM (25.171-b11 mixed mode windows-amd64 compressed oops)
# Failed to write core dump. Minidumps are not enabled by default on client versions of Windows
#

---------------  T H R E A D  ---------------

Current thread (0x00000000170e8800):  JavaThread "C2 CompilerThread1" daemon [_thread_in_native, id=10896, stack(0x0000000018840000,0x0000000018940000)]

Stack: [0x0000000018840000,0x0000000018940000]
[error occurred during error reporting (printing stack bounds), id 0xc0000005]

Native frames: (J=compiled Java code, j=interpreted, Vv=VM code, C=native code)


Current CompileTask:
C2:  23989 1573  s    4       sun.misc.URLClassPath::getNextLoader (88 bytes)


---------------  P R O C E S S  ---------------

Java Threads: ( => current thread )
  0x000000001a589800 JavaThread "Okio Watchdog" daemon [_thread_blocked, id=19784, stack(0x000000001bb50000,0x000000001bc50000)]
  0x0000000019794000 JavaThread "OkHttp ConnectionPool" daemon [_thread_blocked, id=8376, stack(0x000000001ba50000,0x000000001bb50000)]
  0x000000001a19f000 JavaThread "Exec Stream Pumper" daemon [_thread_in_native, id=7244, stack(0x000000001b450000,0x000000001b550000)]
  0x00000000197ac000 JavaThread "Exec Stream Pumper" daemon [_thread_in_native, id=14460, stack(0x000000001b350000,0x000000001b450000)]
  0x0000000019637800 JavaThread "UrlChecker-2" daemon [_thread_blocked, id=12524, stack(0x000000001b250000,0x000000001b350000)]
  0x0000000019642000 JavaThread "Exec Default Executor" daemon [_thread_in_native, id=3432, stack(0x000000001b150000,0x000000001b250000)]
  0x00000000191de000 JavaThread "ReaderThread" [_thread_in_native, id=9816, stack(0x0000000019c80000,0x0000000019d80000)]
  0x0000000018a7a800 JavaThread "Service Thread" daemon [_thread_blocked, id=16200, stack(0x0000000018e40000,0x0000000018f40000)]
  0x00000000170ee000 JavaThread "C1 CompilerThread2" daemon [_thread_blocked, id=8308, stack(0x0000000018940000,0x0000000018a40000)]
=>0x00000000170e8800 JavaThread "C2 CompilerThread1" daemon [_thread_in_native, id=10896, stack(0x0000000018840000,0x0000000018940000)]
  0x00000000170e0800 JavaThread "C2 CompilerThread0" daemon [_thread_in_native, id=12428, stack(0x0000000018740000,0x0000000018840000)]
  0x00000000170df000 JavaThread "Attach Listener" daemon [_thread_blocked, id=11476, stack(0x0000000018640000,0x0000000018740000)]
  0x00000000170dd800 JavaThread "Signal Dispatcher" daemon [_thread_blocked, id=19592, stack(0x0000000018540000,0x0000000018640000)]
  0x00000000170ca000 JavaThread "Finalizer" daemon [_thread_blocked, id=19568, stack(0x0000000018340000,0x0000000018440000)]
  0x0000000002554000 JavaThread "Reference Handler" daemon [_thread_blocked, id=1868, stack(0x0000000018240000,0x0000000018340000)]
  0x0000000002463800 JavaThread "main" [_thread_in_vm, id=19100, stack(0x0000000002360000,0x0000000002460000)]

Other Threads:
  0x00000000170a7800 VMThread [stack: 0x0000000018140000,0x0000000018240000] [id=9308]
  0x0000000018a87800 WatcherThread [stack: 0x0000000018f40000,0x0000000019040000] [id=7972]

VM state:not at safepoint (normal execution)

VM Mutex/Monitor currently owned by a thread: None

Heap:
 PSYoungGen      total 38400K, used 32121K [0x00000000d5b80000, 0x00000000d8600000, 0x0000000100000000)
  eden space 33280K, 81% used [0x00000000d5b80000,0x00000000d75e0d50,0x00000000d7c00000)
  from space 5120K, 99% used [0x00000000d7c00000,0x00000000d80fd6d0,0x00000000d8100000)
  to   space 5120K, 0% used [0x00000000d8100000,0x00000000d8100000,0x00000000d8600000)
 ParOldGen       total 87552K, used 1412K [0x0000000081200000, 0x0000000086780000, 0x00000000d5b80000)
  object space 87552K, 1% used [0x0000000081200000,0x0000000081361030,0x0000000086780000)
 Metaspace       used 17517K, capacity 18228K, committed 18304K, reserved 1064960K
  class space    used 2216K, capacity 2426K, committed 2432K, reserved 1048576K

Card table byte_map: [0x0000000011920000,0x0000000011d20000] byte_map_base: 0x0000000011517000

Marking Bits: (ParMarkBitMap*) 0x00000000772408c0
 Begin Bits: [0x00000000123d0000, 0x0000000014388000)
 End Bits:   [0x0000000014388000, 0x0000000016340000)

Polling page: 0x0000000000c50000

CodeCache: size=245760Kb used=5382Kb max_used=5385Kb free=240377Kb
 bounds [0x0000000002560000, 0x0000000002ab0000, 0x0000000011560000]
 total_blobs=2008 nmethods=1580 adapters=339
 compilation: enabled

Compilation events (10 events):
Event: 23.940 Thread 0x00000000170ee000 nmethod 1569 0x0000000002a9bbd0 code [0x0000000002a9bd60, 0x0000000002a9c0b8]
Event: 23.941 Thread 0x00000000170ee000 1570       3       java.lang.Class::getEnclosingClass (60 bytes)
Event: 23.942 Thread 0x00000000170ee000 nmethod 1570 0x0000000002a9c210 code [0x0000000002a9c440, 0x0000000002a9ce08]
Event: 23.950 Thread 0x00000000170ee000 1571       3       java.util.Calendar::internalSet (8 bytes)
Event: 23.950 Thread 0x00000000170ee000 nmethod 1571 0x0000000002a9dd10 code [0x0000000002a9de60, 0x0000000002a9dfd0]
Event: 23.951 Thread 0x00000000170ee000 1572       3       java.lang.CharacterDataLatin1::digit (91 bytes)
Event: 23.952 Thread 0x00000000170ee000 nmethod 1572 0x0000000002a9e0d0 code [0x0000000002a9e240, 0x0000000002a9e5d0]
Event: 23.962 Thread 0x00000000170e8800 

Event: 23.965 Thread 0x00000000170e8800 1573  s    4       sun.misc.URLClassPath::getNextLoader (88 bytes)
Event: 23.969 Thread 0x00000000170e0800 nmethod 1568 0x0000000002aa2710 code [0x0000000002aa2920, 0x0000000002aa3cb0]

GC Heap History (2 events):
Event: 4.980 GC heap before
{Heap before GC invocations=1 (full 0):
 PSYoungGen      total 38400K, used 33280K [0x00000000d5b80000, 0x00000000d8600000, 0x0000000100000000)
  eden space 33280K, 100% used [0x00000000d5b80000,0x00000000d7c00000,0x00000000d7c00000)
  from space 5120K, 0% used [0x00000000d8100000,0x00000000d8100000,0x00000000d8600000)
  to   space 5120K, 0% used [0x00000000d7c00000,0x00000000d7c00000,0x00000000d8100000)
 ParOldGen       total 87552K, used 0K [0x0000000081200000, 0x0000000086780000, 0x00000000d5b80000)
  object space 87552K, 0% used [0x0000000081200000,0x0000000081200000,0x0000000086780000)
 Metaspace       used 12437K, capacity 12690K, committed 12928K, reserved 1060864K
  class space    used 1487K, capacity 1609K, committed 1664K, reserved 1048576K
Event: 4.998 GC heap after
Heap after GC invocations=1 (full 0):
 PSYoungGen      total 38400K, used 5109K [0x00000000d5b80000, 0x00000000d8600000, 0x0000000100000000)
  eden space 33280K, 0% used [0x00000000d5b80000,0x00000000d5b80000,0x00000000d7c00000)
  from space 5120K, 99% used [0x00000000d7c00000,0x00000000d80fd6d0,0x00000000d8100000)
  to   space 5120K, 0% used [0x00000000d8100000,0x00000000d8100000,0x00000000d8600000)
 ParOldGen       total 87552K, used 1412K [0x0000000081200000, 0x0000000086780000, 0x00000000d5b80000)
  object space 87552K, 1% used [0x0000000081200000,0x0000000081361030,0x0000000086780000)
 Metaspace       used 12437K, capacity 12690K, committed 12928K, reserved 1060864K
  class space    used 1487K, capacity 1609K, committed 1664K, reserved 1048576K
}

Deoptimization events (10 events):
Event: 5.757 Thread 0x0000000019637800 Uncommon trap: reason=unstable_if action=reinterpret pc=0x00000000028a1154 method=java.lang.CharacterDataLatin1.digit(II)I @ 82
Event: 6.032 Thread 0x0000000002463800 Uncommon trap: reason=class_check action=maybe_recompile pc=0x0000000002979384 method=java.util.regex.Matcher.search(I)Z @ 86
Event: 6.032 Thread 0x0000000002463800 Uncommon trap: reason=class_check action=maybe_recompile pc=0x000000000293978c method=java.util.regex.Pattern$Curly.match(Ljava/util/regex/Matcher;ILjava/lang/CharSequence;)Z @ 19
Event: 6.032 Thread 0x0000000002463800 Uncommon trap: reason=class_check action=maybe_recompile pc=0x0000000002979384 method=java.util.regex.Matcher.search(I)Z @ 86
Event: 6.032 Thread 0x0000000002463800 Uncommon trap: reason=class_check action=maybe_recompile pc=0x0000000002979384 method=java.util.regex.Matcher.search(I)Z @ 86
Event: 6.032 Thread 0x0000000002463800 Uncommon trap: reason=class_check action=maybe_recompile pc=0x0000000002979384 method=java.util.regex.Matcher.search(I)Z @ 86
Event: 6.032 Thread 0x0000000002463800 Uncommon trap: reason=class_check action=maybe_recompile pc=0x000000000293978c method=java.util.regex.Pattern$Curly.match(Ljava/util/regex/Matcher;ILjava/lang/CharSequence;)Z @ 19
Event: 6.053 Thread 0x0000000002463800 Uncommon trap: reason=class_check action=maybe_recompile pc=0x000000000293978c method=java.util.regex.Pattern$Curly.match(Ljava/util/regex/Matcher;ILjava/lang/CharSequence;)Z @ 19
Event: 6.053 Thread 0x0000000002463800 Uncommon trap: reason=class_check action=maybe_recompile pc=0x000000000293978c method=java.util.regex.Pattern$Curly.match(Ljava/util/regex/Matcher;ILjava/lang/CharSequence;)Z @ 19
Event: 6.177 Thread 0x0000000002463800 Uncommon trap: reason=unstable_if action=reinterpret pc=0x00000000029328e8 method=java.util.regex.Pattern$BmpCharProperty.match(Ljava/util/regex/Matcher;ILjava/lang/CharSequence;)Z @ 34

Classes redefined (0 events):
No events

Internal exceptions (10 events):
Event: 2.681 Thread 0x0000000002463800 Exception <a 'java/lang/ArrayIndexOutOfBoundsException': 60> (0x00000000d6b964d0) thrown at [C:\re\workspace\8-2-build-windows-amd64-cygwin\jdk8u171\10807\hotspot\src\share\vm\interpreter\interpreterRuntime.cpp, line 366]
Event: 2.951 Thread 0x0000000002463800 Exception <a 'java/lang/NoSuchFieldError': method resolution failed> (0x00000000d72b8110) thrown at [C:\re\workspace\8-2-build-windows-amd64-cygwin\jdk8u171\10807\hotspot\src\share\vm\prims\methodHandles.cpp, line 1167]
Event: 2.953 Thread 0x0000000002463800 Exception <a 'java/lang/NoSuchFieldError': method resolution failed> (0x00000000d72c57d0) thrown at [C:\re\workspace\8-2-build-windows-amd64-cygwin\jdk8u171\10807\hotspot\src\share\vm\prims\methodHandles.cpp, line 1167]
Event: 5.741 Thread 0x0000000019637800 Exception <a 'java/net/SocketTimeoutException': connect timed out> (0x00000000d61dd8a0) thrown at [C:\re\workspace\8-2-build-windows-amd64-cygwin\jdk8u171\10807\hotspot\src\share\vm\prims\jni.cpp, line 735]
Event: 5.823 Thread 0x0000000002463800 Exception <a 'java/lang/IncompatibleClassChangeError': Found class java.lang.Object, but interface was expected> (0x00000000d62d8ed0) thrown at [C:\re\workspace\8-2-build-windows-amd64-cygwin\jdk8u171\10807\hotspot\src\share\vm\interpreter\linkResolver.cp
Event: 5.829 Thread 0x0000000002463800 Exception <a 'java/lang/NoSuchMethodError': java.lang.Object.lambda$or$2(Ljava/util/function/Predicate;Ljava/lang/Object;)Z> (0x00000000d62e7d00) thrown at [C:\re\workspace\8-2-build-windows-amd64-cygwin\jdk8u171\10807\hotspot\src\share\vm\interpreter\lin
Event: 5.941 Thread 0x0000000002463800 Exception <a 'java/lang/NoSuchMethodError': java.lang.Object.lambda$chars$0()Ljava/util/Spliterator$OfInt;> (0x00000000d661a088) thrown at [C:\re\workspace\8-2-build-windows-amd64-cygwin\jdk8u171\10807\hotspot\src\share\vm\interpreter\linkResolver.cpp, li
Event: 14.674 Thread 0x0000000002463800 Exception <a 'java/lang/NoSuchMethodError': java.lang.Object.lambda$getResponseFunction$0(Lorg/openqa/selenium/remote/InitialHandshakeResponse;)Lorg/openqa/selenium/remote/ProtocolHandshake$Result;> (0x00000000d7071040) thrown at [C:\re\workspace\8-2-buil
Event: 14.722 Thread 0x0000000002463800 Exception <a 'java/net/SocketTimeoutException': Read timed out> (0x00000000d7199c38) thrown at [C:\re\workspace\8-2-build-windows-amd64-cygwin\jdk8u171\10807\hotspot\src\share\vm\prims\jni.cpp, line 735]
Event: 18.940 Thread 0x0000000002463800 Exception <a 'java/net/SocketTimeoutException': Read timed out> (0x00000000d71b9a50) thrown at [C:\re\workspace\8-2-build-windows-amd64-cygwin\jdk8u171\10807\hotspot\src\share\vm\prims\jni.cpp, line 735]

Events (10 events):
Event: 23.966 loading class freemarker/ext/beans/StaticModels
Event: 23.966 loading class freemarker/ext/beans/StaticModels done
Event: 23.968 loading class freemarker/core/_TemplateModelException
Event: 23.968 loading class freemarker/core/_TemplateModelException done
Event: 23.970 loading class freemarker/template/TemplateMethodModelEx
Event: 23.970 loading class freemarker/template/TemplateMethodModelEx done
Event: 23.971 loading class freemarker/template/TemplateMethodModel
Event: 23.971 loading class freemarker/template/TemplateMethodModel done
Event: 23.972 loading class freemarker/ext/util/ModelFactory
Event: 23.972 loading class freemarker/ext/util/ModelFactory done


Dynamic libraries:
0x00007ff7d6c60000 - 0x00007ff7d6c97000 	C:\Program Files\Java\jre1.8.0_171\bin\javaw.exe
0x00007fffce7c0000 - 0x00007fffce9b0000 	C:\WINDOWS\SYSTEM32\ntdll.dll
0x00007fffcd460000 - 0x00007fffcd512000 	C:\WINDOWS\System32\KERNEL32.DLL
0x00007fffcc380000 - 0x00007fffcc625000 	C:\WINDOWS\System32\KERNELBASE.dll
0x00007fffcca90000 - 0x00007fffccb33000 	C:\WINDOWS\System32\ADVAPI32.dll
0x00007fffcd850000 - 0x00007fffcd8ee000 	C:\WINDOWS\System32\msvcrt.dll
0x00007fffcd650000 - 0x00007fffcd6e7000 	C:\WINDOWS\System32\sechost.dll
0x00007fffcd520000 - 0x00007fffcd63f000 	C:\WINDOWS\System32\RPCRT4.dll
0x00007fffce080000 - 0x00007fffce214000 	C:\WINDOWS\System32\USER32.dll
0x00007fffcc810000 - 0x00007fffcc831000 	C:\WINDOWS\System32\win32u.dll
0x00007fffce6a0000 - 0x00007fffce6c6000 	C:\WINDOWS\System32\GDI32.dll
0x00007fffcbfe0000 - 0x00007fffcc178000 	C:\WINDOWS\System32\gdi32full.dll
0x00007fffcc770000 - 0x00007fffcc80e000 	C:\WINDOWS\System32\msvcp_win.dll
0x00007fffcc230000 - 0x00007fffcc32a000 	C:\WINDOWS\System32\ucrtbase.dll
0x00007fffbca40000 - 0x00007fffbccc4000 	C:\WINDOWS\WinSxS\amd64_microsoft.windows.common-controls_6595b64144ccf1df_6.0.18362.1316_none_9e7a364fe461dbd7\COMCTL32.dll
0x00007fffcdc50000 - 0x00007fffcdf87000 	C:\WINDOWS\System32\combase.dll
0x00007fffcc6b0000 - 0x00007fffcc731000 	C:\WINDOWS\System32\bcryptPrimitives.dll
0x00007fffccc50000 - 0x00007fffccc7e000 	C:\WINDOWS\System32\IMM32.DLL
0x0000000077c10000 - 0x0000000077ce2000 	C:\Program Files\Java\jre1.8.0_171\bin\msvcr100.dll
0x0000000076a20000 - 0x00000000772c0000 	C:\Program Files\Java\jre1.8.0_171\bin\server\jvm.dll
0x00007fffcd8f0000 - 0x00007fffcd8f8000 	C:\WINDOWS\System32\PSAPI.DLL
0x00007fffbdc90000 - 0x00007fffbdcb4000 	C:\WINDOWS\SYSTEM32\WINMM.dll
0x00007fffc4160000 - 0x00007fffc416a000 	C:\WINDOWS\SYSTEM32\VERSION.dll
0x00007fffc6ed0000 - 0x00007fffc6ed9000 	C:\WINDOWS\SYSTEM32\WSOCK32.dll
0x00007fffcd3f0000 - 0x00007fffcd45f000 	C:\WINDOWS\System32\WS2_32.dll
0x00007fffbdc60000 - 0x00007fffbdc8d000 	C:\WINDOWS\SYSTEM32\WINMMBASE.dll
0x00007fffcc330000 - 0x00007fffcc37a000 	C:\WINDOWS\System32\cfgmgr32.dll
0x0000000050000000 - 0x000000005000f000 	C:\Program Files\Java\jre1.8.0_171\bin\verify.dll
0x0000000077d90000 - 0x0000000077db9000 	C:\Program Files\Java\jre1.8.0_171\bin\java.dll
0x0000000077d70000 - 0x0000000077d86000 	C:\Program Files\Java\jre1.8.0_171\bin\zip.dll
0x00007fffccd00000 - 0x00007fffcd3e8000 	C:\WINDOWS\System32\SHELL32.dll
0x00007fffcc910000 - 0x00007fffcc9b7000 	C:\WINDOWS\System32\shcore.dll
0x00007fffcb710000 - 0x00007fffcbe8b000 	C:\WINDOWS\System32\windows.storage.dll
0x00007fffcb690000 - 0x00007fffcb6b3000 	C:\WINDOWS\System32\profapi.dll
0x00007fffcb6c0000 - 0x00007fffcb70a000 	C:\WINDOWS\System32\powrprof.dll
0x00007fffcb640000 - 0x00007fffcb650000 	C:\WINDOWS\System32\UMPDC.dll
0x00007fffcdbf0000 - 0x00007fffcdc42000 	C:\WINDOWS\System32\shlwapi.dll
0x00007fffcb670000 - 0x00007fffcb681000 	C:\WINDOWS\System32\kernel.appcore.dll
0x00007fffcc630000 - 0x00007fffcc647000 	C:\WINDOWS\System32\cryptsp.dll
0x0000000077d50000 - 0x0000000077d6a000 	C:\Program Files\Java\jre1.8.0_171\bin\net.dll
0x00007fffcae20000 - 0x00007fffcae87000 	C:\WINDOWS\system32\mswsock.dll
0x00007fffcab70000 - 0x00007fffcac3b000 	C:\WINDOWS\SYSTEM32\DNSAPI.dll
0x00007fffcd640000 - 0x00007fffcd648000 	C:\WINDOWS\System32\NSI.dll
0x00007fffcab30000 - 0x00007fffcab6a000 	C:\WINDOWS\SYSTEM32\IPHLPAPI.DLL
0x00007fffc2b60000 - 0x00007fffc2b6a000 	C:\Windows\System32\rasadhlp.dll
0x00007fffc4be0000 - 0x00007fffc4c57000 	C:\WINDOWS\System32\fwpuclnt.dll
0x00007fffcc740000 - 0x00007fffcc766000 	C:\WINDOWS\System32\bcrypt.dll
0x00007fffca9a0000 - 0x00007fffca9d3000 	C:\WINDOWS\system32\rsaenh.dll
0x00007fffcb560000 - 0x00007fffcb585000 	C:\WINDOWS\SYSTEM32\USERENV.dll
0x00007fffcaff0000 - 0x00007fffcaffc000 	C:\WINDOWS\SYSTEM32\CRYPTBASE.dll
0x00007fffc5570000 - 0x00007fffc5586000 	C:\WINDOWS\SYSTEM32\dhcpcsvc6.DLL
0x00007fffc5a00000 - 0x00007fffc5a1c000 	C:\WINDOWS\SYSTEM32\dhcpcsvc.DLL
0x0000000077d30000 - 0x0000000077d41000 	C:\Program Files\Java\jre1.8.0_171\bin\nio.dll
0x0000000077d00000 - 0x0000000077d24000 	C:\Program Files\Java\jre1.8.0_171\bin\sunec.dll
0x0000000077cf0000 - 0x0000000077cfb000 	C:\Program Files\Java\jre1.8.0_171\bin\sunmscapi.dll
0x00007fffcbe90000 - 0x00007fffcbfda000 	C:\WINDOWS\System32\CRYPT32.dll
0x00007fffcb650000 - 0x00007fffcb662000 	C:\WINDOWS\System32\MSASN1.dll
0x00007fffc4d90000 - 0x00007fffc4da6000 	C:\WINDOWS\system32\napinsp.dll
0x00007fffc4710000 - 0x00007fffc472a000 	C:\WINDOWS\system32\pnrpnsp.dll
0x00007fffc4700000 - 0x00007fffc470e000 	C:\WINDOWS\System32\winrnr.dll
0x00007fffc69c0000 - 0x00007fffc69dc000 	C:\WINDOWS\system32\NLAapi.dll
0x00007fffc5770000 - 0x00007fffc5785000 	C:\WINDOWS\system32\wshbth.dll

VM Arguments:
jvm_args: -ea -Dfile.encoding=Cp1252 
java_command: org.testng.remote.RemoteTestNG -serport 49184 -protocol json -d C:\Users\LENOVO\workspace\VendorOnBoarding\test-output C:\Users\LENOVO\AppData\Local\Temp\testng-eclipse--1852056571\testng-customsuite.xml
java_class_path (initial): D:\eclipse-jee-oxygen-M2-win32-x86_64\eclipse\configuration\org.eclipse.osgi\969\0\.cp\lib\testng-remote.jar;C:\Users\LENOVO\workspace\VendorOnBoarding\target\test-classes;C:\Users\LENOVO\workspace\VendorOnBoarding\target\classes;C:\Users\LENOVO\.m2\repository\junit\junit\3.8.1\junit-3.8.1.jar;C:\Users\LENOVO\.m2\repository\org\seleniumhq\selenium\selenium-java\3.141.59\selenium-java-3.141.59.jar;C:\Users\LENOVO\.m2\repository\org\seleniumhq\selenium\selenium-api\3.141.59\selenium-api-3.141.59.jar;C:\Users\LENOVO\.m2\repository\org\seleniumhq\selenium\selenium-chrome-driver\3.141.59\selenium-chrome-driver-3.141.59.jar;C:\Users\LENOVO\.m2\repository\org\seleniumhq\selenium\selenium-edge-driver\3.141.59\selenium-edge-driver-3.141.59.jar;C:\Users\LENOVO\.m2\repository\org\seleniumhq\selenium\selenium-firefox-driver\3.141.59\selenium-firefox-driver-3.141.59.jar;C:\Users\LENOVO\.m2\repository\org\seleniumhq\selenium\selenium-ie-driver\3.141.59\selenium-ie-driver-3.141.59.jar;C:\Users\LENOVO\.m2\repository\org\seleniumhq\selenium\selenium-opera-driver\3.141.59\selenium-opera-driver-3.141.59.jar;C:\Users\LENOVO\.m2\repository\org\seleniumhq\selenium\selenium-remote-driver\3.141.59\selenium-remote-driver-3.141.59.jar;C:\Users\LENOVO\.m2\repository\org\seleniumhq\selenium\selenium-safari-driver\3.141.59\selenium-safari-driver-3.141.59.jar;C:\Users\LENOVO\.m2\repository\org\seleniumhq\selenium\selenium-support\3.141.59\selenium-support-3.141.59.jar;C:\Users\LENOVO\.m2\repository\net\bytebuddy\byte-buddy\1.8.15\byte-buddy-1.8.15.jar;C:\Users\LENOVO\.m2\repository\org\apache\commons\commons-exec\1.3\commons-exec-1.3.jar;C:\Users\LENOVO\.m2\repository\com\google\guava\guava\25.0-jre\guava-25.0-jre.jar;C:\Users\LENOVO\.m2\repository\com\google\code\findbugs\jsr305\1.3.9\jsr305-1.3.9.jar;C:\Users\LENOVO\.m2\repository\org\checkerframework\checker-compat-qual\2.0.0\checker-compat-qual-2.0.0.jar;C:\Users\LENOVO\.m2\repository\com\google\errorprone\error_
Launcher Type: SUN_STANDARD

Environment Variables:
JAVA_HOME=C:\Program Files\Java\jdk1.8.0_171
PATH=C:/Program Files/Java/jre1.8.0_171/bin/server;C:/Program Files/Java/jre1.8.0_171/bin;C:/Program Files/Java/jre1.8.0_171/lib/amd64;C:\Program Files (x86)\Common Files\Oracle\Java\javapath;C:\WINDOWS\system32;C:\WINDOWS;C:\WINDOWS\System32\Wbem;C:\Program Files\Java\jdk1.8.0_171\bin;D:\Android\sdk\platform-tools;D:\Android\sdk\platform-tools\adb.exe;C:\WINDOWS\System32\WindowsPowerShell\v1.0\;C:\WINDOWS\System32\OpenSSH\;C:\Program Files\Git\cmd;C:\Program Files\nodejs\;D:\Android\sdk\platform-tools;D:\Android\sdk\tools\bin;D:\Android\sdk\tools;D:\MY-DOC\Downloads\apache-jmeter-5.3\bin;C:\Users\LENOVO\AppData\Local\Microsoft\WindowsApps;C:\Users\LENOVO\AppData\Roaming\npm;;C:\Users\LENOVO\AppData\Local\Programs\Microsoft VS Code\bin;D:\eclipse-jee-oxygen-M2-win32-x86_64\eclipse;
USERNAME=LENOVO
OS=Windows_NT
PROCESSOR_IDENTIFIER=Intel64 Family 6 Model 61 Stepping 4, GenuineIntel



---------------  S Y S T E M  ---------------

OS: Windows 10.0 , 64 bit Build 18362 (10.0.18362.1316)

CPU:total 4 (initial active 4) (2 cores per cpu, 2 threads per core) family 6 model 61 stepping 4, cmov, cx8, fxsr, mmx, sse, sse2, sse3, ssse3, sse4.1, sse4.2, popcnt, avx, avx2, aes, clmul, erms, 3dnowpref, lzcnt, ht, tsc, tscinvbit, bmi1, bmi2, adx

Memory: 4k page, physical 8306796k(2249272k free), swap 33472620k(4884k free)

vm_info: Java HotSpot(TM) 64-Bit Server VM (25.171-b11) for windows-amd64 JRE (1.8.0_171-b11), built on Mar 28 2018 16:06:12 by "java_re" with MS VC++ 10.0 (VS2010)

time: Tue Feb 02 11:14:09 2021
elapsed time: 24 seconds (0d 0h 0m 24s)

